{
  "BuildInfo":{
    "TypeWriter":{
      "Name":"TypeWriter",
      "Version":"4.7.3",
      "Licence":"MIT"
    },
    "Date":"Wed Nov  9 19:12:40 2022"
  },
  "Package":{
    "Dependencies":{
      "Git":[],
      "Luvit":[],
      "Dua":[]
    },
    "InfoVersion":1,
    "Version":"1.0.0",
    "ID":"Config",
    "Entrypoints":{
      "Main":"ga.corebyte.Config.Test"
    },
    "Contact":{
      "Website":"https://cubic-inc.ga",
      "Source":"https://github.com/Dot-lua/TypeWriter/",
      "Socials":[]
    },
    "Name":"Config",
    "Description":"Simple Config",
    "Author":{
      "Developers":["CoreByte"],
      "Contributors":[]
    }
  },
  "Code":{
    "ga.corebyte.Config":{
      "Type":"Redirect",
      "RedirectTo":"ga.corebyte.Config.Main"
    },
    "ga.corebyte.Config.Test":{
      "Code":"print(\"hi\")\r\n\r\nlocal Config = Import(\"ga.corebyte.Config\"):new(\"./a\"):AddOption(\"abc\", \"def\"):Parse()",
      "Type":"Code"
    },
    "ga.corebyte.Config.Main":{
      "Code":"return Import(\"ga.corebyte.Config.ConfigClass\")",
      "Type":"Code"
    },
    "ga.corebyte.Config.ConfigClass":{
      "Code":"local Config = Object:extend()\r\nlocal FS = require(\"fs\")\r\nlocal Json = require(\"json\")\r\n\r\nfunction Config:initialize(Path)\r\n    self.Options = {}\r\n    self.Path = Path\r\n    self.Order = {}\r\nend\r\n\r\nfunction Config:Read()\r\n    local ParsedData = {}\r\n    local RawData = FS.readFileSync(self.Path)\r\n    local Lines = RawData:split(\"\\n\")\r\n    for Index, Line in pairs(Lines) do\r\n        local SplitLine = Line:split(\"=\")\r\n        local Key = SplitLine[1]\r\n        local Value = table.concat(SplitLine, \"=\", 2)\r\n\r\n        if Value == \"true\" then\r\n            Value = true\r\n        elseif Value == \"false\" then\r\n            Value = false\r\n        end\r\n        ParsedData[Key] = Value\r\n    end\r\n    return ParsedData\r\nend\r\n\r\nfunction Config:Write(ConfigData)\r\n    local Data = \"\"\r\n    for Index, Key in pairs(self.Order) do\r\n        if type(Key) == \"table\" then\r\n            if Key.IsEmpty then\r\n                Data = Data .. \"\\n\"\r\n            end\r\n        else\r\n            Data = Data .. Key .. \"=\" .. tostring(ConfigData[Key]) .. \"\\n\"\r\n        end\r\n    end\r\n    FS.writeFileSync(self.Path, Data)\r\nend\r\n\r\nfunction Config:Parse()\r\n    if not FS.existsSync(self.Path) then\r\n        FS.writeFileSync(self.Path, \"\")\r\n    end\r\n\r\n    local ConfigData = self:Read()\r\n    local WriteBack = false\r\n    for Key, Value in pairs(ConfigData) do\r\n        if not self.Options[Key] then\r\n            ConfigData[Key] = nil\r\n            WriteBack = true\r\n        end\r\n    end\r\n    for Key, Option in pairs(self.Options) do\r\n        if not ConfigData[Key] then\r\n            ConfigData[Key] = Option.Default\r\n            WriteBack = true\r\n        end\r\n    end\r\n    if WriteBack then\r\n        self:Write(ConfigData)\r\n    end\r\n    self.Data = ConfigData\r\n    return self\r\nend\r\n\r\nfunction Config:AddOption(Key, Default)\r\n    table.insert(self.Order, Key)\r\n    self.Options[Key] = {\r\n        Key = Key,\r\n        Default = Default\r\n    }\r\n    return self\r\nend\r\n\r\nfunction Config:AddLine()\r\n    table.insert(self.Order, { IsEmpty = true })\r\n    return self\r\nend\r\n\r\nfunction Config:GetOption(Key)\r\n    if self.Data == nil then\r\n        self:Parse()\r\n    end\r\n    return self.Data[Key]\r\nend\r\n\r\nfunction Config:SetOption(Key, Value)\r\n    self.Data[Key] = Value\r\n    self:Write(self.Data)\r\nend\r\n\r\nreturn Config",
      "Type":"Code"
    }
  },
  "Resources":{
    "/package.info.lua":"-- See https://github.com/Dot-lua/TypeWriter/wiki/package.info.lua-format for more info\r\n\r\nreturn { InfoVersion = 1, -- Dont touch this\r\n\r\n    ID = \"Config\", -- A unique id \r\n    Name = \"Config\",\r\n    Description = \"Simple Config\",\r\n    Version = \"1.0.0\",\r\n\r\n    Author = {\r\n        Developers = {\r\n            \"CoreByte\"\r\n        },\r\n        Contributors = {}\r\n    },\r\n\r\n    Dependencies = {\r\n        Luvit = {\r\n            -- Luvit dependencies (\"username/projectname\")\r\n        },\r\n        Git = {},\r\n        Dua = {}\r\n    },\r\n\r\n    Contact = {\r\n        Website = \"https://cubic-inc.ga\",\r\n        Source = \"https://github.com/Dot-lua/TypeWriter/\",\r\n        Socials = {}\r\n    },\r\n\r\n    Entrypoints = {\r\n        Main = \"ga.corebyte.Config.Test\"\r\n    }\r\n\r\n}\r\n"
  }
}